<!DOCTYPE html>


  <html class="light page-post">


<head>
  <meta charset="utf-8">
  
  <title>PostgreSQL导入微博数据 | emacsist</title>

  <meta name="viewport" content="width=device-width, initial-scale=1, maximum-scale=1">

  
    <meta name="keywords" content="postgresql,database," />
  

  <meta name="description" content="微博日志的数据 使用的PG版本为9.6.0  文件的每一行的内容格式如下: {&amp;quot;q&amp;quot;:&amp;quot;keyword&amp;quot;, &amp;quot;result&amp;quot;:&amp;quot;statuses:[{ &amp;quot;id&amp;quot;:xxxx, &amp;quot;created_at&amp;quot;:&amp;quot;Thu Jul 16 12:55:27 +0800 2015&amp;quot; }]">
<meta name="keywords" content="postgresql,database">
<meta property="og:type" content="article">
<meta property="og:title" content="PostgreSQL导入微博数据">
<meta property="og:url" content="https://emacsist.github.io/2016/09/30/PostgreSQL导入微博数据/index.html">
<meta property="og:site_name" content="emacsist">
<meta property="og:description" content="微博日志的数据 使用的PG版本为9.6.0  文件的每一行的内容格式如下: {&amp;quot;q&amp;quot;:&amp;quot;keyword&amp;quot;, &amp;quot;result&amp;quot;:&amp;quot;statuses:[{ &amp;quot;id&amp;quot;:xxxx, &amp;quot;created_at&amp;quot;:&amp;quot;Thu Jul 16 12:55:27 +0800 2015&amp;quot; }]">
<meta property="og:updated_time" content="2016-11-11T13:42:33.000Z">
<meta name="twitter:card" content="summary">
<meta name="twitter:title" content="PostgreSQL导入微博数据">
<meta name="twitter:description" content="微博日志的数据 使用的PG版本为9.6.0  文件的每一行的内容格式如下: {&amp;quot;q&amp;quot;:&amp;quot;keyword&amp;quot;, &amp;quot;result&amp;quot;:&amp;quot;statuses:[{ &amp;quot;id&amp;quot;:xxxx, &amp;quot;created_at&amp;quot;:&amp;quot;Thu Jul 16 12:55:27 +0800 2015&amp;quot; }]">

  

  
    <link rel="icon" href="/favicon.ico">
  

  <link href="/css/styles.css?v=c114cbe6" rel="stylesheet">


  
    <link rel="stylesheet" href="/css/personal-style.css">
  

  

  
  <script type="text/javascript">
    var _hmt = _hmt || [];
    (function() {
      var hm = document.createElement("script");
      hm.src = "//hm.baidu.com/hm.js?b870e52c6cd914cb42627e4a706700b7";
      var s = document.getElementsByTagName("script")[0];
      s.parentNode.insertBefore(hm, s);
    })();
  </script>


  
  <script type="text/javascript">
	(function(){
	    var bp = document.createElement('script');
	    var curProtocol = window.location.protocol.split(':')[0];
	    if (curProtocol === 'https') {
	        bp.src = 'https://zz.bdstatic.com/linksubmit/push.js';        
	    }
	    else {
	        bp.src = 'http://push.zhanzhang.baidu.com/push.js';
	    }
	    var s = document.getElementsByTagName("script")[0];
	    s.parentNode.insertBefore(bp, s);
	})();
  </script>



  

  
</head>

<body>


  
    <span id="toolbox-mobile" class="toolbox-mobile">盒子</span>
  

  <div class="post-header LEFT">
   
  <div class="toolbox">
    <a class="toolbox-entry" href="/">
      <span class="toolbox-entry-text">盒子</span>
      <i class="icon-angle-down"></i>
      <i class="icon-home"></i>
    </a>
    <ul class="list-toolbox">
      
        <li class="item-toolbox">
          <a
            class="CIRCLE"
            href="/archives/"
            rel="noopener noreferrer"
            target="_self"
            >
            博客
          </a>
        </li>
      
        <li class="item-toolbox">
          <a
            class="CIRCLE"
            href="/tags/"
            rel="noopener noreferrer"
            target="_self"
            >
            标签
          </a>
        </li>
      
        <li class="item-toolbox">
          <a
            class="CIRCLE"
            href="/books/"
            rel="noopener noreferrer"
            target="_self"
            >
            阅读
          </a>
        </li>
      
        <li class="item-toolbox">
          <a
            class="CIRCLE"
            href="/about/"
            rel="noopener noreferrer"
            target="_self"
            >
            关于
          </a>
        </li>
      
    </ul>
  </div>


</div>


  <div id="toc" class="toc-article">
    <strong class="toc-title">文章目录</strong>
    <ol class="toc"><li class="toc-item toc-level-2"><a class="toc-link" href="#微博日志的数据"><span class="toc-text">微博日志的数据</span></a></li><li class="toc-item toc-level-2"><a class="toc-link" href="#详细步骤"><span class="toc-text">详细步骤</span></a></li></ol>
  </div>



<div class="content content-post LEFT">
   <article id="post-PostgreSQL导入微博数据" class="article article-type-post" itemprop="blogPost">
    <header class="article-header">
        <h1 class="post-title">
            PostgreSQL导入微博数据
        </h1>

        <div class="article-meta">
            <span>
        <i class="icon-calendar"></i>
        <span>2016.09.30</span>
            </span>

            
                <span class="article-author">
          <i class="icon-user"></i>
          <span>emacsist</span>
                </span>
                

                    
    <span class="article-category">
    <i class="icon-list"></i>
    
      <a class="tag-item" href="/tags/#database">
        <span class="tag-name">database</span>
    <span class="tag-size">( 73 )</span>
    </a>
    
      <a class="tag-item" href="/tags/#postgresql">
        <span class="tag-name">postgresql</span>
    <span class="tag-size">( 57 )</span>
    </a>
    

        </span>
        

                        

                                

                                        

        </div>
    </header>

    <div class="article-content">
        
                            <h2 id="微博日志的数据"><a href="#微博日志的数据" class="headerlink" title="微博日志的数据"></a>微博日志的数据</h2><blockquote>
<p>使用的PG版本为9.6.0</p>
</blockquote>
<p>文件的每一行的内容格式如下:</p>
<pre><code class="bash">{&quot;q&quot;:&quot;keyword&quot;, &quot;result&quot;:&quot;statuses:[{
&quot;id&quot;:xxxx,
&quot;created_at&quot;:&quot;Thu Jul 16 12:55:27 +0800 2015&quot;
}]&quot;}
</code></pre>
<p>关于导入JSON数据，可以参考上一徬 <code>PostgresSQL导入json数据.</code></p>
<h2 id="详细步骤"><a href="#详细步骤" class="headerlink" title="详细步骤"></a>详细步骤</h2><pre><code class="bash">-- 创建父表
CREATE TABLE status(data jsonb);

-- 按年分区

CREATE TABLE status2016(
    CHECK ( date((data-&gt;&gt;&#39;created_at&#39;)::timestamp with time zone) &gt;= DATE &#39;2016-01-01&#39; AND date((data-&gt;&gt;&#39;created_at&#39;)::timestamp with time zone) &lt; DATE &#39;2017-01-01&#39; )
) inherits (status);
CREATE TABLE status2015(
    CHECK ( date((data-&gt;&gt;&#39;created_at&#39;)::timestamp with time zone) &gt;= DATE &#39;2015-01-01&#39; AND date((data-&gt;&gt;&#39;created_at&#39;)::timestamp with time zone) &lt; DATE &#39;2016-01-01&#39; )
) inherits (status);
CREATE TABLE status2014(
    CHECK ( date((data-&gt;&gt;&#39;created_at&#39;)::timestamp with time zone) &gt;= DATE &#39;2014-01-01&#39; AND date((data-&gt;&gt;&#39;created_at&#39;)::timestamp with time zone) &lt; DATE &#39;2015-01-01&#39; )
) inherits (status);
CREATE TABLE status2013(
    CHECK ( date((data-&gt;&gt;&#39;created_at&#39;)::timestamp with time zone) &gt;= DATE &#39;2013-01-01&#39; AND date((data-&gt;&gt;&#39;created_at&#39;)::timestamp with time zone) &lt; DATE &#39;2014-01-01&#39; )
) inherits (status);
CREATE TABLE status2012(
    CHECK ( date((data-&gt;&gt;&#39;created_at&#39;)::timestamp with time zone) &gt;= DATE &#39;2012-01-01&#39; AND date((data-&gt;&gt;&#39;created_at&#39;)::timestamp with time zone) &lt; DATE &#39;2013-01-01&#39; )
) inherits (status);
CREATE TABLE status2011(
    CHECK ( date((data-&gt;&gt;&#39;created_at&#39;)::timestamp with time zone) &gt;= DATE &#39;2011-01-01&#39; AND date((data-&gt;&gt;&#39;created_at&#39;)::timestamp with time zone) &lt; DATE &#39;2012-01-01&#39; )
) inherits (status);
CREATE TABLE status2010(
    CHECK ( date((data-&gt;&gt;&#39;created_at&#39;)::timestamp with time zone) &gt;= DATE &#39;2010-01-01&#39; AND date((data-&gt;&gt;&#39;created_at&#39;)::timestamp with time zone) &lt; DATE &#39;2011-01-01&#39; )
) inherits (status);
CREATE TABLE status2009(
    CHECK ( date((data-&gt;&gt;&#39;created_at&#39;)::timestamp with time zone) &gt;= DATE &#39;2009-01-01&#39; AND date((data-&gt;&gt;&#39;created_at&#39;)::timestamp with time zone) &lt; DATE &#39;2010-01-01&#39; )
) inherits (status);
CREATE TABLE status2008(
    CHECK ( date((data-&gt;&gt;&#39;created_at&#39;)::timestamp with time zone) &gt;= DATE &#39;2008-01-01&#39; AND date((data-&gt;&gt;&#39;created_at&#39;)::timestamp with time zone) &lt; DATE &#39;2009-01-01&#39; )
) inherits (status);
CREATE TABLE status2007(
    CHECK ( date((data-&gt;&gt;&#39;created_at&#39;)::timestamp with time zone) &gt;= DATE &#39;2007-01-01&#39; AND date((data-&gt;&gt;&#39;created_at&#39;)::timestamp with time zone) &lt; DATE &#39;2008-01-01&#39; )
) inherits (status);
CREATE TABLE status2006(
    CHECK ( date((data-&gt;&gt;&#39;created_at&#39;)::timestamp with time zone) &gt;= DATE &#39;2006-01-01&#39; AND date((data-&gt;&gt;&#39;created_at&#39;)::timestamp with time zone) &lt; DATE &#39;2007-01-01&#39; )    
) inherits (status);


-- 创建id的唯一索引

CREATE UNIQUE INDEX status_id_uniq  ON status ( (data-&gt;&gt;&#39;id&#39;) );
CREATE UNIQUE INDEX status2016_id_uniq  ON status2016 ( (data-&gt;&gt;&#39;id&#39;) );
CREATE UNIQUE INDEX status2015_id_uniq  ON status2015 ( (data-&gt;&gt;&#39;id&#39;) );
CREATE UNIQUE INDEX status2014_id_uniq  ON status2014 ( (data-&gt;&gt;&#39;id&#39;) );
CREATE UNIQUE INDEX status2013_id_uniq  ON status2013 ( (data-&gt;&gt;&#39;id&#39;) );
CREATE UNIQUE INDEX status2012_id_uniq  ON status2012 ( (data-&gt;&gt;&#39;id&#39;) );
CREATE UNIQUE INDEX status2011_id_uniq  ON status2011 ( (data-&gt;&gt;&#39;id&#39;) );
CREATE UNIQUE INDEX status2010_id_uniq  ON status2010 ( (data-&gt;&gt;&#39;id&#39;) );
CREATE UNIQUE INDEX status2009_id_uniq  ON status2009 ( (data-&gt;&gt;&#39;id&#39;) );
CREATE UNIQUE INDEX status2008_id_uniq  ON status2008 ( (data-&gt;&gt;&#39;id&#39;) );
CREATE UNIQUE INDEX status2007_id_uniq  ON status2007 ( (data-&gt;&gt;&#39;id&#39;) );
CREATE UNIQUE INDEX status2006_id_uniq  ON status2006 ( (data-&gt;&gt;&#39;id&#39;) );


-- 创建分区的触发器
CREATE OR REPLACE FUNCTION status_insert_trigger()
RETURNS TRIGGER AS $$
BEGIN
    IF ( date((NEW.data-&gt;&gt;&#39;created_at&#39;)::timestamp with time zone) &gt;= DATE &#39;2016-01-01&#39; AND
         date((NEW.data-&gt;&gt;&#39;created_at&#39;)::timestamp with time zone) &lt; DATE &#39;2017-01-01&#39; ) THEN
        INSERT INTO status2016 VALUES (NEW.*)  ON CONFLICT DO NOTHING;
    ELSIF ( date((NEW.data-&gt;&gt;&#39;created_at&#39;)::timestamp with time zone) &gt;= DATE &#39;2015-01-01&#39; AND
         date((NEW.data-&gt;&gt;&#39;created_at&#39;)::timestamp with time zone) &lt; DATE &#39;2016-01-01&#39;) THEN
        INSERT INTO status2015 VALUES (NEW.*)  ON CONFLICT DO NOTHING;
    ELSIF ( date((NEW.data-&gt;&gt;&#39;created_at&#39;)::timestamp with time zone) &gt;= DATE &#39;2014-01-01&#39; AND
         date((NEW.data-&gt;&gt;&#39;created_at&#39;)::timestamp with time zone) &lt; DATE &#39;2015-01-01&#39;) THEN
        INSERT INTO status2014 VALUES (NEW.*)  ON CONFLICT DO NOTHING;
    ELSIF ( date((NEW.data-&gt;&gt;&#39;created_at&#39;)::timestamp with time zone) &gt;= DATE &#39;2013-01-01&#39; AND
         date((NEW.data-&gt;&gt;&#39;created_at&#39;)::timestamp with time zone) &lt; DATE &#39;2014-01-01&#39;) THEN
        INSERT INTO status2013 VALUES (NEW.*)  ON CONFLICT DO NOTHING;
    ELSIF ( date((NEW.data-&gt;&gt;&#39;created_at&#39;)::timestamp with time zone) &gt;= DATE &#39;2012-01-01&#39; AND
         date((NEW.data-&gt;&gt;&#39;created_at&#39;)::timestamp with time zone) &lt; DATE &#39;2013-03-01&#39;) THEN
        INSERT INTO status2012 VALUES (NEW.*)  ON CONFLICT DO NOTHING;
    ELSIF ( date((NEW.data-&gt;&gt;&#39;created_at&#39;)::timestamp with time zone) &gt;= DATE &#39;2011-01-01&#39; AND
         date((NEW.data-&gt;&gt;&#39;created_at&#39;)::timestamp with time zone) &lt; DATE &#39;2012-01-01&#39;) THEN
        INSERT INTO status2011 VALUES (NEW.*)  ON CONFLICT DO NOTHING;
    ELSIF ( date((NEW.data-&gt;&gt;&#39;created_at&#39;)::timestamp with time zone) &gt;= DATE &#39;2010-01-01&#39; AND
         date((NEW.data-&gt;&gt;&#39;created_at&#39;)::timestamp with time zone) &lt; DATE &#39;2011-01-01&#39;) THEN
        INSERT INTO status2010 VALUES (NEW.*)  ON CONFLICT DO NOTHING;
    ELSIF ( date((NEW.data-&gt;&gt;&#39;created_at&#39;)::timestamp with time zone) &gt;= DATE &#39;2009-01-01&#39; AND
         date((NEW.data-&gt;&gt;&#39;created_at&#39;)::timestamp with time zone) &lt; DATE &#39;2010-01-01&#39;) THEN
        INSERT INTO status2009 VALUES (NEW.*)  ON CONFLICT DO NOTHING;
    ELSIF ( date((NEW.data-&gt;&gt;&#39;created_at&#39;)::timestamp with time zone) &gt;= DATE &#39;2008-01-01&#39; AND
         date((NEW.data-&gt;&gt;&#39;created_at&#39;)::timestamp with time zone) &lt; DATE &#39;2009-01-01&#39;) THEN
        INSERT INTO status2008 VALUES (NEW.*)  ON CONFLICT DO NOTHING;
    ELSIF ( date((NEW.data-&gt;&gt;&#39;created_at&#39;)::timestamp with time zone) &gt;= DATE &#39;2007-01-01&#39; AND
         date((NEW.data-&gt;&gt;&#39;created_at&#39;)::timestamp with time zone) &lt; DATE &#39;2008-01-01&#39;) THEN
        INSERT INTO status2007 VALUES (NEW.*)  ON CONFLICT DO NOTHING;
    ELSIF ( date((NEW.data-&gt;&gt;&#39;created_at&#39;)::timestamp with time zone) &gt;= DATE &#39;2006-01-01&#39; AND
         date((NEW.data-&gt;&gt;&#39;created_at&#39;)::timestamp with time zone) &lt; DATE &#39;2007-01-01&#39;) THEN
        INSERT INTO status2006 VALUES (NEW.*)  ON CONFLICT DO NOTHING;
    ELSE
        RAISE EXCEPTION &#39;Date out of range.  Fix the measurement_insert_trigger() function! %\n&#39;, NEW.data;
    END IF;
    RETURN NULL;
END;
$$
LANGUAGE plpgsql;


-- 设置触发器
CREATE TRIGGER status_insert_trigger
    BEFORE INSERT ON status
    FOR EACH ROW EXECUTE PROCEDURE status_insert_trigger();


-- 将数组的微博数据，拆分成每一条微博的数据并插入到status表
insert into status select jsonb_array_elements(data-&gt;&#39;result&#39;-&gt;&#39;statuses&#39;)   from import_status where jsonb_array_length(data-&gt;&#39;result&#39;-&gt;&#39;statuses&#39;) &gt; 0 ON CONFLICT DO NOTHING;


-- 创建时间字段的索引
CREATE OR REPLACE FUNCTION f_to_imts(text)
  RETURNS timestamptz AS
$$SELECT $1::timestamp with time zone $$
  LANGUAGE sql IMMUTABLE;

-- CREATE INDEX status_created_at ON status USING btree ( f_to_imts(data-&gt;&gt;&#39;created_at&#39;) );


-- SET maintenance_work_mem = &#39;1GB&#39;; CREATE INDEX CONCURRENTLY status_created_at on status ( f_to_imts((data-&gt;&gt;&#39;created_at&#39;))  );
SET maintenance_work_mem = &#39;1GB&#39;; CREATE INDEX CONCURRENTLY status2016_created_at on status2016 ( f_to_imts((data-&gt;&gt;&#39;created_at&#39;))  );
SET maintenance_work_mem = &#39;1GB&#39;; CREATE INDEX CONCURRENTLY status2015_created_at on status2015 ( f_to_imts((data-&gt;&gt;&#39;created_at&#39;))  );
SET maintenance_work_mem = &#39;1GB&#39;; CREATE INDEX CONCURRENTLY status2014_created_at on status2014 ( f_to_imts((data-&gt;&gt;&#39;created_at&#39;))  );
SET maintenance_work_mem = &#39;1GB&#39;; CREATE INDEX CONCURRENTLY status2013_created_at on status2013 ( f_to_imts((data-&gt;&gt;&#39;created_at&#39;))  );
SET maintenance_work_mem = &#39;1GB&#39;; CREATE INDEX CONCURRENTLY status2012_created_at on status2012 ( f_to_imts((data-&gt;&gt;&#39;created_at&#39;))  );
SET maintenance_work_mem = &#39;1GB&#39;; CREATE INDEX CONCURRENTLY status2011_created_at on status2011 ( f_to_imts((data-&gt;&gt;&#39;created_at&#39;))  );
SET maintenance_work_mem = &#39;1GB&#39;; CREATE INDEX CONCURRENTLY status2010_created_at on status2010 ( f_to_imts((data-&gt;&gt;&#39;created_at&#39;))  );
SET maintenance_work_mem = &#39;1GB&#39;; CREATE INDEX CONCURRENTLY status2009_created_at on status2009 ( f_to_imts((data-&gt;&gt;&#39;created_at&#39;))  );
SET maintenance_work_mem = &#39;1GB&#39;; CREATE INDEX CONCURRENTLY status2008_created_at on status2008 ( f_to_imts((data-&gt;&gt;&#39;created_at&#39;))  );
SET maintenance_work_mem = &#39;1GB&#39;; CREATE INDEX CONCURRENTLY status2007_created_at on status2007 ( f_to_imts((data-&gt;&gt;&#39;created_at&#39;))  );
SET maintenance_work_mem = &#39;1GB&#39;; CREATE INDEX CONCURRENTLY status2006_created_at on status2006 ( f_to_imts((data-&gt;&gt;&#39;created_at&#39;))  );


-- SET maintenance_work_mem = &#39;1GB&#39;; CREATE INDEX CONCURRENTLY status_text on status using gin(to_tsvector(&#39;testzhcfg&#39;, data-&gt;&gt;&#39;text&#39;));
SET maintenance_work_mem = &#39;1GB&#39;; CREATE INDEX CONCURRENTLY status2016_text on status2016 using gin(to_tsvector(&#39;testzhcfg&#39;, data-&gt;&gt;&#39;text&#39;));
SET maintenance_work_mem = &#39;1GB&#39;; CREATE INDEX CONCURRENTLY status2015_text on status2015 using gin(to_tsvector(&#39;testzhcfg&#39;, data-&gt;&gt;&#39;text&#39;));
SET maintenance_work_mem = &#39;1GB&#39;; CREATE INDEX CONCURRENTLY status2014_text on status2014 using gin(to_tsvector(&#39;testzhcfg&#39;, data-&gt;&gt;&#39;text&#39;));
SET maintenance_work_mem = &#39;1GB&#39;; CREATE INDEX CONCURRENTLY status2013_text on status2013 using gin(to_tsvector(&#39;testzhcfg&#39;, data-&gt;&gt;&#39;text&#39;));
SET maintenance_work_mem = &#39;1GB&#39;; CREATE INDEX CONCURRENTLY status2012_text on status2012 using gin(to_tsvector(&#39;testzhcfg&#39;, data-&gt;&gt;&#39;text&#39;));
SET maintenance_work_mem = &#39;1GB&#39;; CREATE INDEX CONCURRENTLY status2011_text on status2011 using gin(to_tsvector(&#39;testzhcfg&#39;, data-&gt;&gt;&#39;text&#39;));
SET maintenance_work_mem = &#39;1GB&#39;; CREATE INDEX CONCURRENTLY status2010_text on status2010 using gin(to_tsvector(&#39;testzhcfg&#39;, data-&gt;&gt;&#39;text&#39;));
SET maintenance_work_mem = &#39;1GB&#39;; CREATE INDEX CONCURRENTLY status2009_text on status2009 using gin(to_tsvector(&#39;testzhcfg&#39;, data-&gt;&gt;&#39;text&#39;));
SET maintenance_work_mem = &#39;1GB&#39;; CREATE INDEX CONCURRENTLY status2008_text on status2008 using gin(to_tsvector(&#39;testzhcfg&#39;, data-&gt;&gt;&#39;text&#39;));
SET maintenance_work_mem = &#39;1GB&#39;; CREATE INDEX CONCURRENTLY status2007_text on status2007 using gin(to_tsvector(&#39;testzhcfg&#39;, data-&gt;&gt;&#39;text&#39;));
SET maintenance_work_mem = &#39;1GB&#39;; CREATE INDEX CONCURRENTLY status2006_text on status2006 using gin(to_tsvector(&#39;testzhcfg&#39;, data-&gt;&gt;&#39;text&#39;));


-- text字段的全文索引

SET maintenance_work_mem = &#39;1GB&#39;; CREATE INDEX CONCURRENTLY status2016_created_at on status2016 ( f_to_imts((data-&gt;&gt;&#39;created_at&#39;))  );
SET maintenance_work_mem = &#39;1GB&#39;; CREATE INDEX CONCURRENTLY status2015_created_at on status2015 ( f_to_imts((data-&gt;&gt;&#39;created_at&#39;))  );
SET maintenance_work_mem = &#39;1GB&#39;; CREATE INDEX CONCURRENTLY status2014_created_at on status2014 ( f_to_imts((data-&gt;&gt;&#39;created_at&#39;))  );
SET maintenance_work_mem = &#39;1GB&#39;; CREATE INDEX CONCURRENTLY status2013_created_at on status2013 ( f_to_imts((data-&gt;&gt;&#39;created_at&#39;))  );
SET maintenance_work_mem = &#39;1GB&#39;; CREATE INDEX CONCURRENTLY status2012_created_at on status2012 ( f_to_imts((data-&gt;&gt;&#39;created_at&#39;))  );
SET maintenance_work_mem = &#39;1GB&#39;; CREATE INDEX CONCURRENTLY status2011_created_at on status2011 ( f_to_imts((data-&gt;&gt;&#39;created_at&#39;))  );
SET maintenance_work_mem = &#39;1GB&#39;; CREATE INDEX CONCURRENTLY status2010_created_at on status2010 ( f_to_imts((data-&gt;&gt;&#39;created_at&#39;))  );
SET maintenance_work_mem = &#39;1GB&#39;; CREATE INDEX CONCURRENTLY status2009_created_at on status2009 ( f_to_imts((data-&gt;&gt;&#39;created_at&#39;))  );
SET maintenance_work_mem = &#39;1GB&#39;; CREATE INDEX CONCURRENTLY status2008_created_at on status2008 ( f_to_imts((data-&gt;&gt;&#39;created_at&#39;))  );
SET maintenance_work_mem = &#39;1GB&#39;; CREATE INDEX CONCURRENTLY status2007_created_at on status2007 ( f_to_imts((data-&gt;&gt;&#39;created_at&#39;))  );
SET maintenance_work_mem = &#39;1GB&#39;; CREATE INDEX CONCURRENTLY status2006_created_at on status2006 ( f_to_imts((data-&gt;&gt;&#39;created_at&#39;))  );



SET maintenance_work_mem = &#39;1GB&#39;; CREATE INDEX CONCURRENTLY status2016_text on status2016 using gin(to_tsvector(&#39;testzhcfg&#39;, data-&gt;&gt;&#39;text&#39;));
SET maintenance_work_mem = &#39;1GB&#39;; CREATE INDEX CONCURRENTLY status2015_text on status2015 using gin(to_tsvector(&#39;testzhcfg&#39;, data-&gt;&gt;&#39;text&#39;));
SET maintenance_work_mem = &#39;1GB&#39;; CREATE INDEX CONCURRENTLY status2014_text on status2014 using gin(to_tsvector(&#39;testzhcfg&#39;, data-&gt;&gt;&#39;text&#39;));
SET maintenance_work_mem = &#39;1GB&#39;; CREATE INDEX CONCURRENTLY status2013_text on status2013 using gin(to_tsvector(&#39;testzhcfg&#39;, data-&gt;&gt;&#39;text&#39;));
SET maintenance_work_mem = &#39;1GB&#39;; CREATE INDEX CONCURRENTLY status2012_text on status2012 using gin(to_tsvector(&#39;testzhcfg&#39;, data-&gt;&gt;&#39;text&#39;));
SET maintenance_work_mem = &#39;1GB&#39;; CREATE INDEX CONCURRENTLY status2011_text on status2011 using gin(to_tsvector(&#39;testzhcfg&#39;, data-&gt;&gt;&#39;text&#39;));
SET maintenance_work_mem = &#39;1GB&#39;; CREATE INDEX CONCURRENTLY status2010_text on status2010 using gin(to_tsvector(&#39;testzhcfg&#39;, data-&gt;&gt;&#39;text&#39;));
SET maintenance_work_mem = &#39;1GB&#39;; CREATE INDEX CONCURRENTLY status2009_text on status2009 using gin(to_tsvector(&#39;testzhcfg&#39;, data-&gt;&gt;&#39;text&#39;));
SET maintenance_work_mem = &#39;1GB&#39;; CREATE INDEX CONCURRENTLY status2008_text on status2008 using gin(to_tsvector(&#39;testzhcfg&#39;, data-&gt;&gt;&#39;text&#39;));
SET maintenance_work_mem = &#39;1GB&#39;; CREATE INDEX CONCURRENTLY status2007_text on status2007 using gin(to_tsvector(&#39;testzhcfg&#39;, data-&gt;&gt;&#39;text&#39;));
SET maintenance_work_mem = &#39;1GB&#39;; CREATE INDEX CONCURRENTLY status2006_text on status2006 using gin(to_tsvector(&#39;testzhcfg&#39;, data-&gt;&gt;&#39;text&#39;));
</code></pre>
<p>– user id 索引 </p>
<pre><code class="bash">CREATE INDEX CONCURRENTLY index_status_2016_user_id ON status2016 ( ((data-&gt;&#39;user&#39;-&gt;&gt;&#39;id&#39;)::bigint) );
CREATE INDEX CONCURRENTLY index_status_2015_user_id ON status2015 ( ((data-&gt;&#39;user&#39;-&gt;&gt;&#39;id&#39;)::bigint) );
CREATE INDEX CONCURRENTLY index_status_2014_user_id ON status2014 ( ((data-&gt;&#39;user&#39;-&gt;&gt;&#39;id&#39;)::bigint) );
CREATE INDEX CONCURRENTLY index_status_2013_user_id ON status2013 ( ((data-&gt;&#39;user&#39;-&gt;&gt;&#39;id&#39;)::bigint) );
CREATE INDEX CONCURRENTLY index_status_2012_user_id ON status2012 ( ((data-&gt;&#39;user&#39;-&gt;&gt;&#39;id&#39;)::bigint) );
CREATE INDEX CONCURRENTLY index_status_2011_user_id ON status2011 ( ((data-&gt;&#39;user&#39;-&gt;&gt;&#39;id&#39;)::bigint) );
CREATE INDEX CONCURRENTLY index_status_2010_user_id ON status2010 ( ((data-&gt;&#39;user&#39;-&gt;&gt;&#39;id&#39;)::bigint) );
CREATE INDEX CONCURRENTLY index_status_2009_user_id ON status2009 ( ((data-&gt;&#39;user&#39;-&gt;&gt;&#39;id&#39;)::bigint) );
CREATE INDEX CONCURRENTLY index_status_2008_user_id ON status2008 ( ((data-&gt;&#39;user&#39;-&gt;&gt;&#39;id&#39;)::bigint) );
CREATE INDEX CONCURRENTLY index_status_2007_user_id ON status2007 ( ((data-&gt;&#39;user&#39;-&gt;&gt;&#39;id&#39;)::bigint) );
CREATE INDEX CONCURRENTLY index_status_2006_user_id ON status2006 ( ((data-&gt;&#39;user&#39;-&gt;&gt;&#39;id&#39;)::bigint) );

使用`user_id`索引 


explain SELECT (data-&gt;&#39;user&#39;-&gt;&gt;&#39;id&#39;)::bigint from status order by (data-&gt;&#39;user&#39;-&gt;&gt;&#39;id&#39;)::bigint asc limit 100;
                                                        QUERY PLAN                                                         
---------------------------------------------------------------------------------------------------------------------------
 Limit  (cost=3.40..24.43 rows=100 width=8)
   -&gt;  Result  (cost=3.40..6920441.97 rows=32905725 width=8)
         -&gt;  Merge Append  (cost=3.40..6262327.47 rows=32905725 width=199)
               Sort Key: ((((status.data -&gt; &#39;user&#39;::text) -&gt;&gt; &#39;id&#39;::text))::bigint)
               -&gt;  Sort  (cost=0.01..0.02 rows=1 width=32)
                     Sort Key: ((((status.data -&gt; &#39;user&#39;::text) -&gt;&gt; &#39;id&#39;::text))::bigint)
                     -&gt;  Seq Scan on status  (cost=0.00..0.00 rows=1 width=32)
               -&gt;  Index Scan using user_id on status2016  (cost=0.44..4321159.24 rows=29321520 width=190)
               -&gt;  Index Scan using index_status_2015_user_id on status2015  (cost=0.43..269118.91 rows=1850299 width=207)
               -&gt;  Index Scan using index_status_2014_user_id on status2014  (cost=0.43..256224.11 rows=1072512 width=317)
               -&gt;  Index Scan using index_status_2013_user_id on status2013  (cost=0.42..119684.35 rows=546128 width=356)
               -&gt;  Index Scan using index_status_2012_user_id on status2012  (cost=0.29..28551.76 rows=93031 width=530)
               -&gt;  Index Scan using index_status_2011_user_id on status2011  (cost=0.29..4556.18 rows=15193 width=513)
               -&gt;  Index Scan using index_status_2010_user_id on status2010  (cost=0.28..896.41 rows=2942 width=512)
               -&gt;  Index Scan using index_status_2009_user_id on status2009  (cost=0.14..20.42 rows=19 width=32)
               -&gt;  Index Scan using index_status_2008_user_id on status2008  (cost=0.15..64.55 rows=1360 width=32)
               -&gt;  Index Scan using index_status_2007_user_id on status2007  (cost=0.15..64.55 rows=1360 width=32)
               -&gt;  Index Scan using index_status_2006_user_id on status2006  (cost=0.15..64.55 rows=1360 width=32)
(18 rows)

Time: 36.967 ms
explain SELECT (data-&gt;&#39;user&#39;-&gt;&gt;&#39;id&#39;)::bigint from status order by (data-&gt;&#39;user&#39;-&gt;&gt;&#39;id&#39;) asc limit 100;
                                           QUERY PLAN                                            
-------------------------------------------------------------------------------------------------
 Limit  (cost=3445800.51..3445800.76 rows=100 width=40)
   -&gt;  Sort  (cost=3445800.51..3528064.83 rows=32905725 width=40)
         Sort Key: (((status.data -&gt; &#39;user&#39;::text) -&gt;&gt; &#39;id&#39;::text))
         -&gt;  Result  (cost=0.00..2188167.37 rows=32905725 width=40)
               -&gt;  Append  (cost=0.00..1365524.24 rows=32905725 width=199)
                     -&gt;  Seq Scan on status  (cost=0.00..0.00 rows=1 width=32)
                     -&gt;  Seq Scan on status2016  (cost=0.00..1183150.20 rows=29321520 width=190)
                     -&gt;  Seq Scan on status2015  (cost=0.00..73767.99 rows=1850299 width=207)
                     -&gt;  Seq Scan on status2014  (cost=0.00..67815.12 rows=1072512 width=317)
                     -&gt;  Seq Scan on status2013  (cost=0.00..31833.28 rows=546128 width=356)
                     -&gt;  Seq Scan on status2012  (cost=0.00..7462.31 rows=93031 width=530)
                     -&gt;  Seq Scan on status2011  (cost=0.00..1189.93 rows=15193 width=513)
                     -&gt;  Seq Scan on status2010  (cost=0.00..231.42 rows=2942 width=512)
                     -&gt;  Seq Scan on status2009  (cost=0.00..3.19 rows=19 width=32)
                     -&gt;  Seq Scan on status2008  (cost=0.00..23.60 rows=1360 width=32)
                     -&gt;  Seq Scan on status2007  (cost=0.00..23.60 rows=1360 width=32)
                     -&gt;  Seq Scan on status2006  (cost=0.00..23.60 rows=1360 width=32)
(17 rows)

Time: 1.610 ms
</code></pre>

                                
    </div>
</article>

   
  <div class="text-center donation">
    <div class="inner-donation">
      <span class="btn-donation">支持一下</span>
      <div class="donation-body">
        <div class="tip text-center">扫一扫，支持 emacsist</div>
        <ul class="theme.donation.items.length">
        
          <li class="item">
            <img src="/img/wxpay.jpeg" alt="">
          </li>
        
          <li class="item">
            <img src="/img/alipay.jpeg" alt="">
          </li>
        
        </ul>
      </div>
    </div>
  </div>


   



</div>


  <a id="backTop" class="back-top">
    <i class="icon-angle-up"></i>
  </a>




  <div class="modal" id="modal">
  <span id="cover" class="cover hide"></span>
  <div id="modal-dialog" class="modal-dialog hide-dialog">
    <div class="modal-header">
      <span id="close" class="btn-close">关闭</span>
    </div>
    <hr>
    <div class="modal-body">
      <ul class="list-toolbox">
        
          <li class="item-toolbox">
            <a
              class="CIRCLE"
              href="/archives/"
              rel="noopener noreferrer"
              target="_self"
              >
              博客
            </a>
          </li>
        
          <li class="item-toolbox">
            <a
              class="CIRCLE"
              href="/tags/"
              rel="noopener noreferrer"
              target="_self"
              >
              标签
            </a>
          </li>
        
          <li class="item-toolbox">
            <a
              class="CIRCLE"
              href="/books/"
              rel="noopener noreferrer"
              target="_self"
              >
              阅读
            </a>
          </li>
        
          <li class="item-toolbox">
            <a
              class="CIRCLE"
              href="/about/"
              rel="noopener noreferrer"
              target="_self"
              >
              关于
            </a>
          </li>
        
      </ul>

    </div>
  </div>
</div>



  
      <div class="fexo-comments comments-post">
    

    




    

    
	
  </div>

  

  <script type="text/javascript">
  function loadScript(url, callback) {
    var script = document.createElement('script')
    script.type = 'text/javascript';

    if (script.readyState) { //IE
      script.onreadystatechange = function() {
        if (script.readyState == 'loaded' ||
          script.readyState == 'complete') {
          script.onreadystatechange = null;
          callback();
        }
      };
    } else { //Others
      script.onload = function() {
        callback();
      };
    }

    script.src = url;
    document.getElementsByTagName('head')[0].appendChild(script);
  }

  window.onload = function() {
    loadScript('/js/bundle.js?235683', function() {
      // load success
    });
  }
</script>

</body>
</html>
