<!DOCTYPE html>


  <html class="light page-post">


<head>
  <meta charset="utf-8">
  
  <title>PostgreSQL数组中统计例子 | emacsist</title>

  <meta name="viewport" content="width=device-width, initial-scale=1, maximum-scale=1">

  
    <meta name="keywords" content="postgresql,database," />
  

  <meta name="description" content="问题这个问题，是在一个PG群里有群友问到的。如下: 请教个问题 有个表 temp 数据如下(ids为array类型) ids   no {1,2}   10 {1,3}   20 {2,3}   30  现在希望得到这样的结果  id  no 1  30 2  40 3  50 这个group by应该怎么写？  建表create table tep (ids int[], no int);  插">
<meta name="keywords" content="postgresql,database">
<meta property="og:type" content="article">
<meta property="og:title" content="PostgreSQL数组中统计例子">
<meta property="og:url" content="https://emacsist.github.io/2015/12/02/PostgreSQL数组中统计例子/index.html">
<meta property="og:site_name" content="emacsist">
<meta property="og:description" content="问题这个问题，是在一个PG群里有群友问到的。如下: 请教个问题 有个表 temp 数据如下(ids为array类型) ids   no {1,2}   10 {1,3}   20 {2,3}   30  现在希望得到这样的结果  id  no 1  30 2  40 3  50 这个group by应该怎么写？  建表create table tep (ids int[], no int);  插">
<meta property="og:updated_time" content="2016-11-11T13:42:33.000Z">
<meta name="twitter:card" content="summary">
<meta name="twitter:title" content="PostgreSQL数组中统计例子">
<meta name="twitter:description" content="问题这个问题，是在一个PG群里有群友问到的。如下: 请教个问题 有个表 temp 数据如下(ids为array类型) ids   no {1,2}   10 {1,3}   20 {2,3}   30  现在希望得到这样的结果  id  no 1  30 2  40 3  50 这个group by应该怎么写？  建表create table tep (ids int[], no int);  插">

  

  
    <link rel="icon" href="/favicon.ico">
  

  <link href="/css/styles.css?v=c114cbe6" rel="stylesheet">


  
    <link rel="stylesheet" href="/css/personal-style.css">
  

  

  
  <script type="text/javascript">
    var _hmt = _hmt || [];
    (function() {
      var hm = document.createElement("script");
      hm.src = "//hm.baidu.com/hm.js?b870e52c6cd914cb42627e4a706700b7";
      var s = document.getElementsByTagName("script")[0];
      s.parentNode.insertBefore(hm, s);
    })();
  </script>


  
  <script type="text/javascript">
	(function(){
	    var bp = document.createElement('script');
	    var curProtocol = window.location.protocol.split(':')[0];
	    if (curProtocol === 'https') {
	        bp.src = 'https://zz.bdstatic.com/linksubmit/push.js';        
	    }
	    else {
	        bp.src = 'http://push.zhanzhang.baidu.com/push.js';
	    }
	    var s = document.getElementsByTagName("script")[0];
	    s.parentNode.insertBefore(bp, s);
	})();
  </script>



  

  
</head>

<body>


  
    <span id="toolbox-mobile" class="toolbox-mobile">盒子</span>
  

  <div class="post-header LEFT">
   
  <div class="toolbox">
    <a class="toolbox-entry" href="/">
      <span class="toolbox-entry-text">盒子</span>
      <i class="icon-angle-down"></i>
      <i class="icon-home"></i>
    </a>
    <ul class="list-toolbox">
      
        <li class="item-toolbox">
          <a
            class="CIRCLE"
            href="/archives/"
            rel="noopener noreferrer"
            target="_self"
            >
            博客
          </a>
        </li>
      
        <li class="item-toolbox">
          <a
            class="CIRCLE"
            href="/tags/"
            rel="noopener noreferrer"
            target="_self"
            >
            标签
          </a>
        </li>
      
        <li class="item-toolbox">
          <a
            class="CIRCLE"
            href="/books/"
            rel="noopener noreferrer"
            target="_self"
            >
            阅读
          </a>
        </li>
      
        <li class="item-toolbox">
          <a
            class="CIRCLE"
            href="/about/"
            rel="noopener noreferrer"
            target="_self"
            >
            关于
          </a>
        </li>
      
    </ul>
  </div>


</div>


  <div id="toc" class="toc-article">
    <strong class="toc-title">文章目录</strong>
    <ol class="toc"><li class="toc-item toc-level-2"><a class="toc-link" href="#问题"><span class="toc-text">问题</span></a></li><li class="toc-item toc-level-2"><a class="toc-link" href="#建表"><span class="toc-text">建表</span></a></li><li class="toc-item toc-level-2"><a class="toc-link" href="#插入示例数据"><span class="toc-text">插入示例数据</span></a></li><li class="toc-item toc-level-2"><a class="toc-link" href="#SQL"><span class="toc-text">SQL</span></a></li><li class="toc-item toc-level-2"><a class="toc-link" href="#使用CTE，无索引的情况，与不使用CTE对比"><span class="toc-text">使用CTE，无索引的情况，与不使用CTE对比.</span></a></li></ol>
  </div>



<div class="content content-post LEFT">
   <article id="post-PostgreSQL数组中统计例子" class="article article-type-post" itemprop="blogPost">
    <header class="article-header">
        <h1 class="post-title">
            PostgreSQL数组中统计例子
        </h1>

        <div class="article-meta">
            <span>
        <i class="icon-calendar"></i>
        <span>2015.12.02</span>
            </span>

            
                <span class="article-author">
          <i class="icon-user"></i>
          <span>emacsist</span>
                </span>
                

                    
    <span class="article-category">
    <i class="icon-list"></i>
    
      <a class="tag-item" href="/tags/#database">
        <span class="tag-name">database</span>
    <span class="tag-size">( 73 )</span>
    </a>
    
      <a class="tag-item" href="/tags/#postgresql">
        <span class="tag-name">postgresql</span>
    <span class="tag-size">( 57 )</span>
    </a>
    

        </span>
        

                        

                                

                                        

        </div>
    </header>

    <div class="article-content">
        
                            <h2 id="问题"><a href="#问题" class="headerlink" title="问题"></a>问题</h2><p>这个问题，是在一个PG群里有群友问到的。如下:</p>
<pre><code class="bash">请教个问题
有个表 temp
数据如下(ids为array类型)
ids   no
{1,2}   10
{1,3}   20
{2,3}   30

现在希望得到这样的结果

id  no
1  30
2  40
3  50
这个group by应该怎么写？
</code></pre>
<h2 id="建表"><a href="#建表" class="headerlink" title="建表"></a>建表</h2><pre><code class="bash">create table tep (ids int[], no int);
</code></pre>
<h2 id="插入示例数据"><a href="#插入示例数据" class="headerlink" title="插入示例数据"></a>插入示例数据</h2><pre><code class="bash">insert into tep values (array[1,2], 10);
insert into tep values (array[1,3], 20);
insert into tep values (array[2,3], 30);
</code></pre>
<h2 id="SQL"><a href="#SQL" class="headerlink" title="SQL"></a>SQL</h2><p>解决思路：因为他想要的是：</p>
<pre><code class="bash">1=10+20
2=10+30
3=20+30
</code></pre>
<p>所以，可以将数组中的元素，拆分成行，然后group by 一下id, sum(no)，就可以了，即：</p>
<pre><code class="bash">yang=# with cte as (select unnest(ids) as id, no from tep)  select id, sum(no) from cte  group by id order by id asc;
 id | sum
----+-----
  1 |  30
  2 |  40
  3 |  50
(3 rows)

yang=#


或

yang=# select unnest(ids) as id, sum(no) from tep group by id order by id asc;
 id | sum
----+-----
  1 |  30
  2 |  40
  3 |  50
(3 rows)

yang=#
</code></pre>
<p>不知道为什么，总喜欢使用CTE来做.感觉这样子更清晰点，哈哈.</p>
<h2 id="使用CTE，无索引的情况，与不使用CTE对比"><a href="#使用CTE，无索引的情况，与不使用CTE对比" class="headerlink" title="使用CTE，无索引的情况，与不使用CTE对比."></a>使用CTE，无索引的情况，与不使用CTE对比.</h2><pre><code class="bash">yang=# explain analyze verbose with cte as (select unnest(ids) as id, no from tep)  select id, sum(no) from cte  group by id order by id asc;
                                                           QUERY PLAN
--------------------------------------------------------------------------------------------------------------------------------
 Sort  (cost=306537.78..306538.28 rows=200 width=8) (actual time=8093.771..8093.771 rows=7 loops=1)
   Output: cte.id, (sum(cte.no))
   Sort Key: cte.id
   Sort Method: quicksort  Memory: 25kB
   CTE cte
     -&gt;  Seq Scan on public.tep  (cost=0.00..77148.14 rows=9175200 width=33) (actual time=0.076..3207.449 rows=7340032 loops=1)
           Output: unnest(tep.ids), tep.no
   -&gt;  HashAggregate  (cost=229380.00..229382.00 rows=200 width=8) (actual time=8093.757..8093.759 rows=7 loops=1)
         Output: cte.id, sum(cte.no)
         Group Key: cte.id
         -&gt;  CTE Scan on cte  (cost=0.00..183504.00 rows=9175200 width=8) (actual time=0.082..5851.946 rows=7340032 loops=1)
               Output: cte.id, cte.no
 Planning time: 0.175 ms
 Execution time: 8111.710 ms
(14 rows)

yang=# explain analyze verbose select unnest(ids) as id, sum(no) from tep group by id order by id asc;
                                                               QUERY PLAN
----------------------------------------------------------------------------------------------------------------------------------------
 Sort  (cost=3659321.29..3659323.04 rows=700 width=33) (actual time=5276.652..5276.653 rows=7 loops=1)
   Output: (unnest(ids)), (sum(no))
   Sort Key: (unnest(tep.ids))
   Sort Method: quicksort  Memory: 25kB
   -&gt;  HashAggregate  (cost=3659284.66..3659288.21 rows=700 width=33) (actual time=5276.637..5276.639 rows=7 loops=1)
         Output: (unnest(ids)), sum(no)
         Group Key: unnest(tep.ids)
         -&gt;  Seq Scan on public.tep  (cost=0.00..1858440.66 rows=360168800 width=33) (actual time=0.052..3203.487 rows=7340032 loops=1)
               Output: unnest(ids), no
 Planning time: 0.212 ms
 Execution time: 5276.723 ms
(11 rows)

yang=#
</code></pre>
<p>这情况下，不使用CTE好点.</p>

                                
    </div>
</article>

   
  <div class="text-center donation">
    <div class="inner-donation">
      <span class="btn-donation">支持一下</span>
      <div class="donation-body">
        <div class="tip text-center">扫一扫，支持 emacsist</div>
        <ul class="theme.donation.items.length">
        
          <li class="item">
            <img src="/img/wxpay.jpeg" alt="">
          </li>
        
          <li class="item">
            <img src="/img/alipay.jpeg" alt="">
          </li>
        
        </ul>
      </div>
    </div>
  </div>


   



</div>


  <a id="backTop" class="back-top">
    <i class="icon-angle-up"></i>
  </a>




  <div class="modal" id="modal">
  <span id="cover" class="cover hide"></span>
  <div id="modal-dialog" class="modal-dialog hide-dialog">
    <div class="modal-header">
      <span id="close" class="btn-close">关闭</span>
    </div>
    <hr>
    <div class="modal-body">
      <ul class="list-toolbox">
        
          <li class="item-toolbox">
            <a
              class="CIRCLE"
              href="/archives/"
              rel="noopener noreferrer"
              target="_self"
              >
              博客
            </a>
          </li>
        
          <li class="item-toolbox">
            <a
              class="CIRCLE"
              href="/tags/"
              rel="noopener noreferrer"
              target="_self"
              >
              标签
            </a>
          </li>
        
          <li class="item-toolbox">
            <a
              class="CIRCLE"
              href="/books/"
              rel="noopener noreferrer"
              target="_self"
              >
              阅读
            </a>
          </li>
        
          <li class="item-toolbox">
            <a
              class="CIRCLE"
              href="/about/"
              rel="noopener noreferrer"
              target="_self"
              >
              关于
            </a>
          </li>
        
      </ul>

    </div>
  </div>
</div>



  
      <div class="fexo-comments comments-post">
    

    




    

    
	
  </div>

  

  <script type="text/javascript">
  function loadScript(url, callback) {
    var script = document.createElement('script')
    script.type = 'text/javascript';

    if (script.readyState) { //IE
      script.onreadystatechange = function() {
        if (script.readyState == 'loaded' ||
          script.readyState == 'complete') {
          script.onreadystatechange = null;
          callback();
        }
      };
    } else { //Others
      script.onload = function() {
        callback();
      };
    }

    script.src = url;
    document.getElementsByTagName('head')[0].appendChild(script);
  }

  window.onload = function() {
    loadScript('/js/bundle.js?235683', function() {
      // load success
    });
  }
</script>

</body>
</html>
