<!doctype html>



  


<html class="theme-next mist use-motion" lang="zh-Hans">
<head>
  <meta charset="UTF-8"/>
<meta http-equiv="X-UA-Compatible" content="IE=edge" />
<meta name="viewport" content="width=device-width, initial-scale=1, maximum-scale=1"/>



  
  
  <link rel="stylesheet" media="all" href="/lib/Han/dist/han.min.css?v=3.3">




<meta http-equiv="Cache-Control" content="no-transform" />
<meta http-equiv="Cache-Control" content="no-siteapp" />


















  
  
  
  

  
    
    
  

  

  

  

  

  
    
    
    <link href="//fonts.googleapis.com/css?family=Lato:300,300italic,400,400italic,700,700italic&subset=latin,latin-ext" rel="stylesheet" type="text/css">
  






<link href="/lib/font-awesome/css/font-awesome.min.css?v=4.6.2" rel="stylesheet" type="text/css" />

<link href="/css/main.css?v=5.1.1" rel="stylesheet" type="text/css" />


  <meta name="keywords" content="postgresql,database," />








  <link rel="shortcut icon" type="image/x-icon" href="/favicon.ico?v=5.1.1" />






<meta name="description" content="准备数据1234567postgres=# create table tmax (id int);CREATE TABLEpostgres=# insert into tmtmax  tmp1postgres=# insert into tmax values (generate_series(1,100000000));INSERT 0 100000000postgres=# 一亿条无索引123">
<meta name="keywords" content="postgresql,database">
<meta property="og:type" content="article">
<meta property="og:title" content="PostgreSQL MAX()和Order by DESC limit 1">
<meta property="og:url" content="https://emacsist.github.io/2015/12/17/archives/PostgreSQL-MAX-和Order-by-DESC-limit-1/index.html">
<meta property="og:site_name" content="emacsist">
<meta property="og:description" content="准备数据1234567postgres=# create table tmax (id int);CREATE TABLEpostgres=# insert into tmtmax  tmp1postgres=# insert into tmax values (generate_series(1,100000000));INSERT 0 100000000postgres=# 一亿条无索引123">
<meta property="og:updated_time" content="2016-11-11T13:42:33.000Z">
<meta name="twitter:card" content="summary">
<meta name="twitter:title" content="PostgreSQL MAX()和Order by DESC limit 1">
<meta name="twitter:description" content="准备数据1234567postgres=# create table tmax (id int);CREATE TABLEpostgres=# insert into tmtmax  tmp1postgres=# insert into tmax values (generate_series(1,100000000));INSERT 0 100000000postgres=# 一亿条无索引123">



<script type="text/javascript" id="hexo.configurations">
  var NexT = window.NexT || {};
  var CONFIG = {
    root: '/',
    scheme: 'Mist',
    sidebar: {"position":"left","display":"post","offset":12,"offset_float":0,"b2t":false,"scrollpercent":false},
    fancybox: false,
    motion: true,
    duoshuo: {
      userId: '0',
      author: '博主'
    },
    algolia: {
      applicationID: '',
      apiKey: '',
      indexName: '',
      hits: {"per_page":10},
      labels: {"input_placeholder":"Search for Posts","hits_empty":"We didn't find any results for the search: ${query}","hits_stats":"${hits} results found in ${time} ms"}
    }
  };
</script>



  <link rel="canonical" href="https://emacsist.github.io/2015/12/17/archives/PostgreSQL-MAX-和Order-by-DESC-limit-1/"/>





  <title>PostgreSQL MAX()和Order by DESC limit 1 | emacsist</title>
</head>

<body itemscope itemtype="http://schema.org/WebPage" lang="zh-Hans">

  





  <script type="text/javascript">
    var _hmt = _hmt || [];
    (function() {
      var hm = document.createElement("script");
      hm.src = "https://hm.baidu.com/hm.js?b870e52c6cd914cb42627e4a706700b7";
      var s = document.getElementsByTagName("script")[0];
      s.parentNode.insertBefore(hm, s);
    })();
  </script>










  
  
    
  

  <div class="container sidebar-position-left page-post-detail ">
    <div class="headband"></div>

    <header id="header" class="header" itemscope itemtype="http://schema.org/WPHeader">
      <div class="header-inner"><div class="site-brand-wrapper">
  <div class="site-meta ">
    

    <div class="custom-logo-site-title">
      <a href="/"  class="brand" rel="start">
        <span class="logo-line-before"><i></i></span>
        <span class="site-title">emacsist</span>
        <span class="logo-line-after"><i></i></span>
      </a>
    </div>
      
        <p class="site-subtitle"></p>
      
  </div>

  <div class="site-nav-toggle">
    <button>
      <span class="btn-bar"></span>
      <span class="btn-bar"></span>
      <span class="btn-bar"></span>
    </button>
  </div>
</div>

<nav class="site-nav">
  

  
    <ul id="menu" class="menu">
      
        
        <li class="menu-item menu-item-home">
          <a href="/" rel="section">
            
              <i class="menu-item-icon fa fa-fw fa-home"></i> <br />
            
            首页
          </a>
        </li>
      
        
        <li class="menu-item menu-item-archives">
          <a href="/archives" rel="section">
            
              <i class="menu-item-icon fa fa-fw fa-archive"></i> <br />
            
            归档
          </a>
        </li>
      
        
        <li class="menu-item menu-item-books">
          <a href="/books" rel="section">
            
              <i class="menu-item-icon fa fa-fw fa-heart"></i> <br />
            
            书
          </a>
        </li>
      
        
        <li class="menu-item menu-item-tags">
          <a href="/tags" rel="section">
            
              <i class="menu-item-icon fa fa-fw fa-tags"></i> <br />
            
            标签
          </a>
        </li>
      
        
        <li class="menu-item menu-item-categories">
          <a href="/categories" rel="section">
            
              <i class="menu-item-icon fa fa-fw fa-th"></i> <br />
            
            分类
          </a>
        </li>
      
        
        <li class="menu-item menu-item-about">
          <a href="/about" rel="section">
            
              <i class="menu-item-icon fa fa-fw fa-user"></i> <br />
            
            关于
          </a>
        </li>
      

      
    </ul>
  

  
</nav>



 </div>
    </header>

    <main id="main" class="main">
      <div class="main-inner">
        <div class="content-wrap">
          <div id="content" class="content">
            

  <div id="posts" class="posts-expand">
    

  

  
  
  

  <article class="post post-type-normal " itemscope itemtype="http://schema.org/Article">
    <link itemprop="mainEntityOfPage" href="https://emacsist.github.io/2015/12/17/archives/PostgreSQL-MAX-和Order-by-DESC-limit-1/">

    <span hidden itemprop="author" itemscope itemtype="http://schema.org/Person">
      <meta itemprop="name" content="emacsist">
      <meta itemprop="description" content="">
      <meta itemprop="image" content="/avatar.png">
    </span>

    <span hidden itemprop="publisher" itemscope itemtype="http://schema.org/Organization">
      <meta itemprop="name" content="emacsist">
    </span>

    
      <header class="post-header">

        
        
          <h1 class="post-title" itemprop="name headline">
            
            
              
                PostgreSQL MAX()和Order by DESC limit 1
              
            
          </h1>
        

        <div class="post-meta">
          <span class="post-time">
            
              <span class="post-meta-item-icon">
                <i class="fa fa-calendar-o"></i>
              </span>
              
                <span class="post-meta-item-text">发表于</span>
              
              <time title="创建于" itemprop="dateCreated datePublished" datetime="2015-12-17T17:41:29+08:00">
                2015-12-17
              </time>
            

            
              <span class="post-meta-divider">|</span>
            

            
              <span class="post-meta-item-icon">
                <i class="fa fa-calendar-check-o"></i>
              </span>
              
                <span class="post-meta-item-text">更新于</span>
              
              <time title="更新于" itemprop="dateModified" datetime="2016-11-11T21:42:33+08:00">
                2016-11-11
              </time>
            
          </span>

          
            <span class="post-category" >
            
              <span class="post-meta-divider">|</span>
            
              <span class="post-meta-item-icon">
                <i class="fa fa-folder-o"></i>
              </span>
              
                <span class="post-meta-item-text">分类于</span>
              
              
                <span itemprop="about" itemscope itemtype="http://schema.org/Thing">
                  <a href="/categories/postgresql/" itemprop="url" rel="index">
                    <span itemprop="name">postgresql</span>
                  </a>
                </span>

                
                
              
            </span>
          

          
            
          

          
          

          

          
            <div class="post-wordcount">
              
                <span class="post-meta-divider">|</span>
                <span class="post-meta-item-icon">
                  <i class="fa fa-file-word-o"></i>
                </span>
                
                  <span class="post-meta-item-text">字数统计</span>
                
                <span title="字数统计">
                  1,279
                </span>
              

              
                <span class="post-meta-divider">|</span>
              

              
                <span class="post-meta-item-icon">
                  <i class="fa fa-clock-o"></i>
                </span>
                
                  <span class="post-meta-item-text">阅读时长</span>
                
                <span title="阅读时长">
                  8
                </span>
              
            </div>
          

          

        </div>
      </header>
    

    <div class="post-body han-init-context" itemprop="articleBody">

      
      

      
        <h2 id="准备数据"><a href="#准备数据" class="headerlink" title="准备数据"></a>准备数据</h2><figure class="highlight bash"><table><tr><td class="gutter"><pre><div class="line">1</div><div class="line">2</div><div class="line">3</div><div class="line">4</div><div class="line">5</div><div class="line">6</div><div class="line">7</div></pre></td><td class="code"><pre><div class="line">postgres=<span class="comment"># create table tmax (id int);</span></div><div class="line">CREATE TABLE</div><div class="line">postgres=<span class="comment"># insert into tm</span></div><div class="line">tmax  tmp1</div><div class="line">postgres=<span class="comment"># insert into tmax values (generate_series(1,100000000));</span></div><div class="line">INSERT 0 100000000</div><div class="line">postgres=<span class="comment">#</span></div></pre></td></tr></table></figure>
<h2 id="一亿条无索引"><a href="#一亿条无索引" class="headerlink" title="一亿条无索引"></a>一亿条无索引</h2><figure class="highlight bash"><table><tr><td class="gutter"><pre><div class="line">1</div><div class="line">2</div><div class="line">3</div><div class="line">4</div><div class="line">5</div><div class="line">6</div><div class="line">7</div><div class="line">8</div><div class="line">9</div><div class="line">10</div><div class="line">11</div><div class="line">12</div><div class="line">13</div><div class="line">14</div><div class="line">15</div><div class="line">16</div><div class="line">17</div><div class="line">18</div><div class="line">19</div><div class="line">20</div><div class="line">21</div><div class="line">22</div><div class="line">23</div><div class="line">24</div><div class="line">25</div><div class="line">26</div><div class="line">27</div><div class="line">28</div><div class="line">29</div><div class="line">30</div><div class="line">31</div><div class="line">32</div><div class="line">33</div><div class="line">34</div><div class="line">35</div><div class="line">36</div><div class="line">37</div><div class="line">38</div><div class="line">39</div><div class="line">40</div><div class="line">41</div><div class="line">42</div><div class="line">43</div><div class="line">44</div><div class="line">45</div><div class="line">46</div><div class="line">47</div><div class="line">48</div><div class="line">49</div><div class="line">50</div><div class="line">51</div><div class="line">52</div><div class="line">53</div></pre></td><td class="code"><pre><div class="line">postgres=<span class="comment"># explain analyze verbose select max(id) from tmax ;</span></div><div class="line">                                                             QUERY PLAN</div><div class="line">-------------------------------------------------------------------------------------------------------------------------------------</div><div class="line"> Aggregate  (cost=1692478.40..1692478.41 rows=1 width=4) (actual time=32215.384..32215.385 rows=1 loops=1)</div><div class="line">   Output: max(id)</div><div class="line">   -&gt;  Seq Scan on public.tmax  (cost=0.00..1442478.32 rows=100000032 width=4) (actual time=4.656..18766.501 rows=100000000 loops=1)</div><div class="line">         Output: id</div><div class="line"> Planning time: 0.132 ms</div><div class="line"> Execution time: 32215.441 ms</div><div class="line">(6 rows)</div><div class="line"></div><div class="line">postgres=<span class="comment"># explain analyze verbose select id from tmax order by id desc limit 1 ;</span></div><div class="line">                                                                 QUERY PLAN</div><div class="line">--------------------------------------------------------------------------------------------------------------------------------------------</div><div class="line"> Limit  (cost=1942478.48..1942478.48 rows=1 width=4) (actual time=32789.641..32789.641 rows=1 loops=1)</div><div class="line">   Output: id</div><div class="line">   -&gt;  Sort  (cost=1942478.48..2192478.56 rows=100000032 width=4) (actual time=32789.640..32789.640 rows=1 loops=1)</div><div class="line">         Output: id</div><div class="line">         Sort Key: tmax.id</div><div class="line">         Sort Method: top-N heapsort  Memory: 25kB</div><div class="line">         -&gt;  Seq Scan on public.tmax  (cost=0.00..1442478.32 rows=100000032 width=4) (actual time=15.948..18095.096 rows=100000000 loops=1)</div><div class="line">               Output: id</div><div class="line"> Planning time: 0.101 ms</div><div class="line"> Execution time: 32789.678 ms</div><div class="line">(10 rows)</div><div class="line"></div><div class="line">postgres=<span class="comment"># explain analyze verbose select max(id) from tmax ;</span></div><div class="line">                                                              QUERY PLAN</div><div class="line">--------------------------------------------------------------------------------------------------------------------------------------</div><div class="line"> Aggregate  (cost=1692478.40..1692478.41 rows=1 width=4) (actual time=32411.383..32411.383 rows=1 loops=1)</div><div class="line">   Output: max(id)</div><div class="line">   -&gt;  Seq Scan on public.tmax  (cost=0.00..1442478.32 rows=100000032 width=4) (actual time=10.210..18996.920 rows=100000000 loops=1)</div><div class="line">         Output: id</div><div class="line"> Planning time: 0.125 ms</div><div class="line"> Execution time: 32411.436 ms</div><div class="line">(6 rows)</div><div class="line"></div><div class="line">postgres=<span class="comment"># explain analyze verbose select id from tmax order by id desc limit 1 ;</span></div><div class="line">                                                                QUERY PLAN</div><div class="line">-------------------------------------------------------------------------------------------------------------------------------------------</div><div class="line"> Limit  (cost=1942478.48..1942478.48 rows=1 width=4) (actual time=33312.476..33312.477 rows=1 loops=1)</div><div class="line">   Output: id</div><div class="line">   -&gt;  Sort  (cost=1942478.48..2192478.56 rows=100000032 width=4) (actual time=33312.474..33312.474 rows=1 loops=1)</div><div class="line">         Output: id</div><div class="line">         Sort Key: tmax.id</div><div class="line">         Sort Method: top-N heapsort  Memory: 25kB</div><div class="line">         -&gt;  Seq Scan on public.tmax  (cost=0.00..1442478.32 rows=100000032 width=4) (actual time=8.584..18551.514 rows=100000000 loops=1)</div><div class="line">               Output: id</div><div class="line"> Planning time: 0.100 ms</div><div class="line"> Execution time: 33312.514 ms</div><div class="line">(10 rows)</div><div class="line"></div><div class="line">postgres=<span class="comment">#</span></div></pre></td></tr></table></figure>
<p>看执行结果是max快</p>
<h2 id="一亿条，有索引"><a href="#一亿条，有索引" class="headerlink" title="一亿条，有索引"></a>一亿条，有索引</h2><figure class="highlight bash"><table><tr><td class="gutter"><pre><div class="line">1</div><div class="line">2</div><div class="line">3</div><div class="line">4</div><div class="line">5</div><div class="line">6</div><div class="line">7</div><div class="line">8</div><div class="line">9</div><div class="line">10</div><div class="line">11</div><div class="line">12</div><div class="line">13</div><div class="line">14</div><div class="line">15</div><div class="line">16</div><div class="line">17</div><div class="line">18</div><div class="line">19</div><div class="line">20</div><div class="line">21</div><div class="line">22</div><div class="line">23</div><div class="line">24</div><div class="line">25</div><div class="line">26</div><div class="line">27</div><div class="line">28</div><div class="line">29</div><div class="line">30</div><div class="line">31</div><div class="line">32</div><div class="line">33</div><div class="line">34</div><div class="line">35</div><div class="line">36</div><div class="line">37</div><div class="line">38</div><div class="line">39</div><div class="line">40</div><div class="line">41</div><div class="line">42</div><div class="line">43</div><div class="line">44</div><div class="line">45</div><div class="line">46</div><div class="line">47</div><div class="line">48</div><div class="line">49</div><div class="line">50</div><div class="line">51</div><div class="line">52</div><div class="line">53</div><div class="line">54</div><div class="line">55</div><div class="line">56</div><div class="line">57</div><div class="line">58</div><div class="line">59</div><div class="line">60</div><div class="line">61</div></pre></td><td class="code"><pre><div class="line">postgres=<span class="comment"># create index id_tmax_index on tmax (id);</span></div><div class="line">CREATE INDEX</div><div class="line">postgres=<span class="comment">#</span></div><div class="line"></div><div class="line">postgres=<span class="comment"># explain analyze verbose select max(id) from tmax ;</span></div><div class="line">                                                                             QUERY PLAN</div><div class="line">---------------------------------------------------------------------------------------------------------------------------------------------------------------------</div><div class="line"> Result  (cost=0.60..0.61 rows=1 width=0) (actual time=0.041..0.042 rows=1 loops=1)</div><div class="line">   Output: <span class="variable">$0</span></div><div class="line">   InitPlan 1 (returns <span class="variable">$0</span>)</div><div class="line">     -&gt;  Limit  (cost=0.57..0.60 rows=1 width=4) (actual time=0.035..0.035 rows=1 loops=1)</div><div class="line">           Output: tmax.id</div><div class="line">           -&gt;  Index Only Scan Backward using id_tmax_index on public.tmax  (cost=0.57..3289257.57 rows=100000000 width=4) (actual time=0.033..0.033 rows=1 loops=1)</div><div class="line">                 Output: tmax.id</div><div class="line">                 Index Cond: (tmax.id IS NOT NULL)</div><div class="line">                 Heap Fetches: 1</div><div class="line"> Planning time: 0.198 ms</div><div class="line"> Execution time: 0.092 ms</div><div class="line">(11 rows)</div><div class="line"></div><div class="line">postgres=<span class="comment"># explain analyze verbose select id from tmax order by id desc limit 1 ;</span></div><div class="line">                                                                         QUERY PLAN</div><div class="line">-------------------------------------------------------------------------------------------------------------------------------------------------------------</div><div class="line"> Limit  (cost=0.57..0.60 rows=1 width=4) (actual time=0.029..0.030 rows=1 loops=1)</div><div class="line">   Output: id</div><div class="line">   -&gt;  Index Only Scan Backward using id_tmax_index on public.tmax  (cost=0.57..3039257.57 rows=100000000 width=4) (actual time=0.027..0.027 rows=1 loops=1)</div><div class="line">         Output: id</div><div class="line">         Heap Fetches: 1</div><div class="line"> Planning time: 0.143 ms</div><div class="line"> Execution time: 0.065 ms</div><div class="line">(7 rows)</div><div class="line"></div><div class="line">postgres=<span class="comment"># explain analyze verbose select max(id) from tmax ;</span></div><div class="line">                                                                             QUERY PLAN</div><div class="line">---------------------------------------------------------------------------------------------------------------------------------------------------------------------</div><div class="line"> Result  (cost=0.60..0.61 rows=1 width=0) (actual time=0.042..0.043 rows=1 loops=1)</div><div class="line">   Output: <span class="variable">$0</span></div><div class="line">   InitPlan 1 (returns <span class="variable">$0</span>)</div><div class="line">     -&gt;  Limit  (cost=0.57..0.60 rows=1 width=4) (actual time=0.036..0.037 rows=1 loops=1)</div><div class="line">           Output: tmax.id</div><div class="line">           -&gt;  Index Only Scan Backward using id_tmax_index on public.tmax  (cost=0.57..3289257.57 rows=100000000 width=4) (actual time=0.034..0.034 rows=1 loops=1)</div><div class="line">                 Output: tmax.id</div><div class="line">                 Index Cond: (tmax.id IS NOT NULL)</div><div class="line">                 Heap Fetches: 1</div><div class="line"> Planning time: 0.199 ms</div><div class="line"> Execution time: 0.092 ms</div><div class="line">(11 rows)</div><div class="line"></div><div class="line">postgres=<span class="comment"># explain analyze verbose select id from tmax order by id desc limit 1 ;</span></div><div class="line">                                                                         QUERY PLAN</div><div class="line">-------------------------------------------------------------------------------------------------------------------------------------------------------------</div><div class="line"> Limit  (cost=0.57..0.60 rows=1 width=4) (actual time=0.030..0.030 rows=1 loops=1)</div><div class="line">   Output: id</div><div class="line">   -&gt;  Index Only Scan Backward using id_tmax_index on public.tmax  (cost=0.57..3039257.57 rows=100000000 width=4) (actual time=0.029..0.029 rows=1 loops=1)</div><div class="line">         Output: id</div><div class="line">         Heap Fetches: 1</div><div class="line"> Planning time: 0.144 ms</div><div class="line"> Execution time: 0.073 ms</div><div class="line">(7 rows)</div><div class="line"></div><div class="line">postgres=<span class="comment">#</span></div></pre></td></tr></table></figure>
<p>有索引，就是order by 快一点点.</p>
<h2 id="有索引，并且是倒序索引"><a href="#有索引，并且是倒序索引" class="headerlink" title="有索引，并且是倒序索引"></a>有索引，并且是倒序索引</h2><figure class="highlight bash"><table><tr><td class="gutter"><pre><div class="line">1</div><div class="line">2</div><div class="line">3</div><div class="line">4</div><div class="line">5</div><div class="line">6</div><div class="line">7</div><div class="line">8</div><div class="line">9</div><div class="line">10</div><div class="line">11</div><div class="line">12</div><div class="line">13</div><div class="line">14</div><div class="line">15</div><div class="line">16</div><div class="line">17</div><div class="line">18</div><div class="line">19</div><div class="line">20</div><div class="line">21</div><div class="line">22</div><div class="line">23</div><div class="line">24</div><div class="line">25</div><div class="line">26</div><div class="line">27</div><div class="line">28</div><div class="line">29</div><div class="line">30</div><div class="line">31</div><div class="line">32</div><div class="line">33</div><div class="line">34</div><div class="line">35</div><div class="line">36</div><div class="line">37</div><div class="line">38</div><div class="line">39</div><div class="line">40</div><div class="line">41</div><div class="line">42</div><div class="line">43</div><div class="line">44</div><div class="line">45</div><div class="line">46</div><div class="line">47</div><div class="line">48</div><div class="line">49</div><div class="line">50</div><div class="line">51</div><div class="line">52</div><div class="line">53</div><div class="line">54</div><div class="line">55</div><div class="line">56</div><div class="line">57</div><div class="line">58</div><div class="line">59</div><div class="line">60</div><div class="line">61</div></pre></td><td class="code"><pre><div class="line">postgres=<span class="comment"># create index id_tmax_index on tmax (id desc);</span></div><div class="line">CREATE INDEX</div><div class="line">postgres=<span class="comment">#</span></div><div class="line"></div><div class="line">postgres=<span class="comment"># explain analyze verbose select max(id) from tmax ;</span></div><div class="line">                                                                         QUERY PLAN</div><div class="line">------------------------------------------------------------------------------------------------------------------------------------------------------------</div><div class="line"> Result  (cost=0.60..0.61 rows=1 width=0) (actual time=0.076..0.076 rows=1 loops=1)</div><div class="line">   Output: <span class="variable">$0</span></div><div class="line">   InitPlan 1 (returns <span class="variable">$0</span>)</div><div class="line">     -&gt;  Limit  (cost=0.57..0.60 rows=1 width=4) (actual time=0.071..0.071 rows=1 loops=1)</div><div class="line">           Output: tmax.id</div><div class="line">           -&gt;  Index Only Scan using id_tmax_index on public.tmax  (cost=0.57..3289257.57 rows=100000000 width=4) (actual time=0.069..0.069 rows=1 loops=1)</div><div class="line">                 Output: tmax.id</div><div class="line">                 Index Cond: (tmax.id IS NOT NULL)</div><div class="line">                 Heap Fetches: 1</div><div class="line"> Planning time: 0.200 ms</div><div class="line"> Execution time: 0.128 ms</div><div class="line">(11 rows)</div><div class="line"></div><div class="line">postgres=<span class="comment"># explain analyze verbose select max(id) from tmax ;</span></div><div class="line">                                                                         QUERY PLAN</div><div class="line">------------------------------------------------------------------------------------------------------------------------------------------------------------</div><div class="line"> Result  (cost=0.60..0.61 rows=1 width=0) (actual time=0.075..0.076 rows=1 loops=1)</div><div class="line">   Output: <span class="variable">$0</span></div><div class="line">   InitPlan 1 (returns <span class="variable">$0</span>)</div><div class="line">     -&gt;  Limit  (cost=0.57..0.60 rows=1 width=4) (actual time=0.068..0.069 rows=1 loops=1)</div><div class="line">           Output: tmax.id</div><div class="line">           -&gt;  Index Only Scan using id_tmax_index on public.tmax  (cost=0.57..3289257.57 rows=100000000 width=4) (actual time=0.067..0.067 rows=1 loops=1)</div><div class="line">                 Output: tmax.id</div><div class="line">                 Index Cond: (tmax.id IS NOT NULL)</div><div class="line">                 Heap Fetches: 1</div><div class="line"> Planning time: 0.184 ms</div><div class="line"> Execution time: 0.123 ms</div><div class="line">(11 rows)</div><div class="line"></div><div class="line">postgres=<span class="comment"># explain analyze verbose select id from tmax order by id desc limit 1 ;</span></div><div class="line">                                                                     QUERY PLAN</div><div class="line">----------------------------------------------------------------------------------------------------------------------------------------------------</div><div class="line"> Limit  (cost=0.57..0.60 rows=1 width=4) (actual time=0.055..0.055 rows=1 loops=1)</div><div class="line">   Output: id</div><div class="line">   -&gt;  Index Only Scan using id_tmax_index on public.tmax  (cost=0.57..3039257.57 rows=100000000 width=4) (actual time=0.053..0.053 rows=1 loops=1)</div><div class="line">         Output: id</div><div class="line">         Heap Fetches: 1</div><div class="line"> Planning time: 0.133 ms</div><div class="line"> Execution time: 0.098 ms</div><div class="line">(7 rows)</div><div class="line"></div><div class="line">postgres=<span class="comment"># explain analyze verbose select id from tmax order by id desc limit 1 ;</span></div><div class="line">                                                                     QUERY PLAN</div><div class="line">----------------------------------------------------------------------------------------------------------------------------------------------------</div><div class="line"> Limit  (cost=0.57..0.60 rows=1 width=4) (actual time=0.054..0.054 rows=1 loops=1)</div><div class="line">   Output: id</div><div class="line">   -&gt;  Index Only Scan using id_tmax_index on public.tmax  (cost=0.57..3039257.57 rows=100000000 width=4) (actual time=0.052..0.052 rows=1 loops=1)</div><div class="line">         Output: id</div><div class="line">         Heap Fetches: 1</div><div class="line"> Planning time: 0.135 ms</div><div class="line"> Execution time: 0.098 ms</div><div class="line">(7 rows)</div><div class="line"></div><div class="line">postgres=<span class="comment">#</span></div></pre></td></tr></table></figure>
<p>有索引，并且是倒序索引，也还是order by 快一点点</p>
<h2 id="推测"><a href="#推测" class="headerlink" title="推测"></a>推测</h2><p>max在无索引，还是有索引，综合好一点，所以统一习惯写max().</p>

      
    </div>

    <div>
      
        

      
    </div>

    <div>
      
        

      
    </div>

    <div>
      
        
  <ul class="post-copyright">
    <li class="post-copyright-author">
      <strong>本文作者：</strong>
      emacsist
    </li>
    <li class="post-copyright-link">
      <strong>本文链接：</strong>
      <a href="https://emacsist.github.io/2015/12/17/archives/PostgreSQL-MAX-和Order-by-DESC-limit-1/" title="PostgreSQL MAX()和Order by DESC limit 1">https://emacsist.github.io/2015/12/17/archives/PostgreSQL-MAX-和Order-by-DESC-limit-1/</a>
    </li>
    <li class="post-copyright-license">
      <strong>版权声明： </strong>
      本博客所有文章除特别声明外，均采用 <a href="https://creativecommons.org/licenses/by-nc-sa/3.0/" rel="external nofollow" target="_blank">CC BY-NC-SA 3.0</a> 许可协议。转载请注明出处！
    </li>
  </ul>


      
    </div>

    <footer class="post-footer">
      
        <div class="post-tags">
          
            <a href="/tags/postgresql/" rel="tag"># postgresql</a>
          
            <a href="/tags/database/" rel="tag"># database</a>
          
        </div>
      

      
        
      

      
        <div class="post-nav">
          <div class="post-nav-next post-nav-item">
            
              <a href="/2015/12/17/archives/Java-for-each-修改问题/" rel="next" title="Java for-each 修改问题">
                <i class="fa fa-chevron-left"></i> Java for-each 修改问题
              </a>
            
          </div>

          <span class="post-nav-divider"></span>

          <div class="post-nav-prev post-nav-item">
            
              <a href="/2015/12/17/archives/彻底了解Spring-中-RabbitMQ配置的concurrency-和-task-executor/" rel="prev" title="彻底了解Spring 中 RabbitMQ配置的concurrency 和 task-executor">
                彻底了解Spring 中 RabbitMQ配置的concurrency 和 task-executor <i class="fa fa-chevron-right"></i>
              </a>
            
          </div>
        </div>
      

      
      
    </footer>
  </article>



    <div class="post-spread">
      
    </div>
  </div>


          </div>
          


          
  <div class="comments" id="comments">
    
      <div id="uyan_frame"></div>
    
  </div>


        </div>
        
          
  
  <div class="sidebar-toggle">
    <div class="sidebar-toggle-line-wrap">
      <span class="sidebar-toggle-line sidebar-toggle-line-first"></span>
      <span class="sidebar-toggle-line sidebar-toggle-line-middle"></span>
      <span class="sidebar-toggle-line sidebar-toggle-line-last"></span>
    </div>
  </div>

  <aside id="sidebar" class="sidebar">
    <div class="sidebar-inner">

      

      
        <ul class="sidebar-nav motion-element">
          <li class="sidebar-nav-toc sidebar-nav-active" data-target="post-toc-wrap" >
            文章目录
          </li>
          <li class="sidebar-nav-overview" data-target="site-overview">
            站点概览
          </li>
        </ul>
      

      <section class="site-overview sidebar-panel">
        <div class="site-author motion-element" itemprop="author" itemscope itemtype="http://schema.org/Person">
          <img class="site-author-image" itemprop="image"
               src="/avatar.png"
               alt="emacsist" />
          <p class="site-author-name" itemprop="name">emacsist</p>
           
              <p class="site-description motion-element" itemprop="description">Stay hungry, Stay foolish.</p>
          
        </div>
        <nav class="site-state motion-element">

          
            <div class="site-state-item site-state-posts">
              <a href="/archives">
                <span class="site-state-item-count">295</span>
                <span class="site-state-item-name">日志</span>
              </a>
            </div>
          

          
            
            
            <div class="site-state-item site-state-categories">
              <a href="/categories/index.html">
                <span class="site-state-item-count">69</span>
                <span class="site-state-item-name">分类</span>
              </a>
            </div>
          

          
            
            
            <div class="site-state-item site-state-tags">
              <a href="/tags/index.html">
                <span class="site-state-item-count">142</span>
                <span class="site-state-item-name">标签</span>
              </a>
            </div>
          

        </nav>

        

        <div class="links-of-author motion-element">
          
            
              <span class="links-of-author-item">
                <a href="https://github.com/emacsist" target="_blank" title="GitHub">
                  
                    <i class="fa fa-fw fa-github"></i>
                  
                  GitHub
                </a>
              </span>
            
              <span class="links-of-author-item">
                <a href="https://www.zhihu.com/people/emacist" target="_blank" title="知乎">
                  
                    <i class="fa fa-fw fa-globe"></i>
                  
                  知乎
                </a>
              </span>
            
          
        </div>

        
        

        
        

        


      </section>

      
      <!--noindex-->
        <section class="post-toc-wrap motion-element sidebar-panel sidebar-panel-active">
          <div class="post-toc">

            
              
            

            
              <div class="post-toc-content"><ol class="nav"><li class="nav-item nav-level-2"><a class="nav-link" href="#准备数据"><span class="nav-number">1.</span> <span class="nav-text">准备数据</span></a></li><li class="nav-item nav-level-2"><a class="nav-link" href="#一亿条无索引"><span class="nav-number">2.</span> <span class="nav-text">一亿条无索引</span></a></li><li class="nav-item nav-level-2"><a class="nav-link" href="#一亿条，有索引"><span class="nav-number">3.</span> <span class="nav-text">一亿条，有索引</span></a></li><li class="nav-item nav-level-2"><a class="nav-link" href="#有索引，并且是倒序索引"><span class="nav-number">4.</span> <span class="nav-text">有索引，并且是倒序索引</span></a></li><li class="nav-item nav-level-2"><a class="nav-link" href="#推测"><span class="nav-number">5.</span> <span class="nav-text">推测</span></a></li></ol></div>
            

          </div>
        </section>
      <!--/noindex-->
      

      

    </div>
  </aside>


        
      </div>
    </main>

    <footer id="footer" class="footer">
      <div class="footer-inner">
        <div class="copyright" >
  
  &copy; 
  <span itemprop="copyrightYear">2017</span>
  <span class="with-love">
    <i class="fa fa-heart"></i>
  </span>
  <span class="author" itemprop="copyrightHolder">emacsist</span>
  <span class="post-count">共251.7k字</span>
</div>


<div class="powered-by">
  由 <a class="theme-link" href="https://hexo.io">Hexo</a> 强力驱动 
</div>

<div class="theme-info">
  主题 -
  <a class="theme-link" href="https://github.com/iissnan/hexo-theme-next">
    NexT.Mist
  </a>
</div>


        

        
      </div>
    </footer>

    
      <div class="back-to-top">
        <i class="fa fa-arrow-up"></i>
        
      </div>
    

  </div>

  

<script type="text/javascript">
  if (Object.prototype.toString.call(window.Promise) !== '[object Function]') {
    window.Promise = null;
  }
</script>




















  
  <script type="text/javascript" src="/lib/jquery/index.js?v=2.1.3"></script>

  
  <script type="text/javascript" src="/lib/fastclick/lib/fastclick.min.js?v=1.0.6"></script>

  
  <script type="text/javascript" src="/lib/jquery_lazyload/jquery.lazyload.js?v=1.9.7"></script>

  
  <script type="text/javascript" src="/lib/velocity/velocity.min.js?v=1.2.1"></script>

  
  <script type="text/javascript" src="/lib/velocity/velocity.ui.min.js?v=1.2.1"></script>


  


  <script type="text/javascript" src="/js/src/utils.js?v=5.1.1"></script>

  <script type="text/javascript" src="/js/src/motion.js?v=5.1.1"></script>



  
  

  
  <script type="text/javascript" src="/js/src/scrollspy.js?v=5.1.1"></script>
<script type="text/javascript" src="/js/src/post-details.js?v=5.1.1"></script>



  


  <script type="text/javascript" src="/js/src/bootstrap.js?v=5.1.1"></script>



  


  




	





  





  
    

    
      <!-- UY BEGIN -->
      <script type="text/javascript" src="http://v2.uyan.cc/code/uyan.js?uid=2132003"></script>
      <!-- UY END -->
    
  





  






  





  

  

  

  

  

</body>
</html>
